have_library: checking for BIO_read() in -lcrypto... -------------------- yes

"/usr/bin/clang -o conftest -I/opt/local/include/ruby-2.6.0/x86_64-darwin18 -I/opt/local/include/ruby-2.6.0/ruby/backward -I/opt/local/include/ruby-2.6.0 -I. -I/opt/local/include -isysroot/Applications/Xcode.app/Contents/Developer/Platforms/MacOSX.platform/Developer/SDKs/MacOSX10.14.sdk -I/opt/local/include -D_XOPEN_SOURCE -D_DARWIN_C_SOURCE -D_DARWIN_UNLIMITED_SELECT -D_REENTRANT   -pipe -Os -isysroot/Applications/Xcode.app/Contents/Developer/Platforms/MacOSX.platform/Developer/SDKs/MacOSX10.14.sdk -fno-common conftest.c  -L. -L/opt/local/lib -L/opt/local/lib -L. -L/opt/local/lib -Wl,-headerpad_max_install_names -Wl,-syslibroot,/Applications/Xcode.app/Contents/Developer/Platforms/MacOSX.platform/Developer/SDKs/MacOSX10.14.sdk -fstack-protector-strong -L/opt/local/lib   -arch x86_64   -lruby.2.6   "
checked program was:
/* begin */
1: #include "ruby.h"
2: 
3: int main(int argc, char **argv)
4: {
5:   return 0;
6: }
/* end */

"/usr/bin/clang -o conftest -I/opt/local/include/ruby-2.6.0/x86_64-darwin18 -I/opt/local/include/ruby-2.6.0/ruby/backward -I/opt/local/include/ruby-2.6.0 -I. -I/opt/local/include -isysroot/Applications/Xcode.app/Contents/Developer/Platforms/MacOSX.platform/Developer/SDKs/MacOSX10.14.sdk -I/opt/local/include -D_XOPEN_SOURCE -D_DARWIN_C_SOURCE -D_DARWIN_UNLIMITED_SELECT -D_REENTRANT   -pipe -Os -isysroot/Applications/Xcode.app/Contents/Developer/Platforms/MacOSX.platform/Developer/SDKs/MacOSX10.14.sdk -fno-common conftest.c  -L. -L/opt/local/lib -L/opt/local/lib -L. -L/opt/local/lib -Wl,-headerpad_max_install_names -Wl,-syslibroot,/Applications/Xcode.app/Contents/Developer/Platforms/MacOSX.platform/Developer/SDKs/MacOSX10.14.sdk -fstack-protector-strong -L/opt/local/lib   -arch x86_64   -lruby.2.6 -lcrypto   "
conftest.c:14:57: error: use of undeclared identifier 'BIO_read'
int t(void) { void ((*volatile p)()); p = (void ((*)()))BIO_read; return !p; }
                                                        ^
1 error generated.
checked program was:
/* begin */
 1: #include "ruby.h"
 2: 
 3: /*top*/
 4: extern int t(void);
 5: int main(int argc, char **argv)
 6: {
 7:   if (argc > 1000000) {
 8:     int (* volatile tp)(void)=(int (*)(void))&t;
 9:     printf("%d", (*tp)());
10:   }
11: 
12:   return 0;
13: }
14: int t(void) { void ((*volatile p)()); p = (void ((*)()))BIO_read; return !p; }
/* end */

"/usr/bin/clang -o conftest -I/opt/local/include/ruby-2.6.0/x86_64-darwin18 -I/opt/local/include/ruby-2.6.0/ruby/backward -I/opt/local/include/ruby-2.6.0 -I. -I/opt/local/include -isysroot/Applications/Xcode.app/Contents/Developer/Platforms/MacOSX.platform/Developer/SDKs/MacOSX10.14.sdk -I/opt/local/include -D_XOPEN_SOURCE -D_DARWIN_C_SOURCE -D_DARWIN_UNLIMITED_SELECT -D_REENTRANT   -pipe -Os -isysroot/Applications/Xcode.app/Contents/Developer/Platforms/MacOSX.platform/Developer/SDKs/MacOSX10.14.sdk -fno-common conftest.c  -L. -L/opt/local/lib -L/opt/local/lib -L. -L/opt/local/lib -Wl,-headerpad_max_install_names -Wl,-syslibroot,/Applications/Xcode.app/Contents/Developer/Platforms/MacOSX.platform/Developer/SDKs/MacOSX10.14.sdk -fstack-protector-strong -L/opt/local/lib   -arch x86_64   -lruby.2.6 -lcrypto   "
checked program was:
/* begin */
 1: #include "ruby.h"
 2: 
 3: /*top*/
 4: extern int t(void);
 5: int main(int argc, char **argv)
 6: {
 7:   if (argc > 1000000) {
 8:     int (* volatile tp)(void)=(int (*)(void))&t;
 9:     printf("%d", (*tp)());
10:   }
11: 
12:   return 0;
13: }
14: extern void BIO_read();
15: int t(void) { BIO_read(); return 0; }
/* end */

--------------------

have_library: checking for SSL_CTX_new() in -lssl... -------------------- yes

"/usr/bin/clang -o conftest -I/opt/local/include/ruby-2.6.0/x86_64-darwin18 -I/opt/local/include/ruby-2.6.0/ruby/backward -I/opt/local/include/ruby-2.6.0 -I. -I/opt/local/include -isysroot/Applications/Xcode.app/Contents/Developer/Platforms/MacOSX.platform/Developer/SDKs/MacOSX10.14.sdk -I/opt/local/include -D_XOPEN_SOURCE -D_DARWIN_C_SOURCE -D_DARWIN_UNLIMITED_SELECT -D_REENTRANT   -pipe -Os -isysroot/Applications/Xcode.app/Contents/Developer/Platforms/MacOSX.platform/Developer/SDKs/MacOSX10.14.sdk -fno-common conftest.c  -L. -L/opt/local/lib -L/opt/local/lib -L. -L/opt/local/lib -Wl,-headerpad_max_install_names -Wl,-syslibroot,/Applications/Xcode.app/Contents/Developer/Platforms/MacOSX.platform/Developer/SDKs/MacOSX10.14.sdk -fstack-protector-strong -L/opt/local/lib   -arch x86_64  -lcrypto  -lruby.2.6 -lssl -lcrypto   "
conftest.c:14:57: error: use of undeclared identifier 'SSL_CTX_new'
int t(void) { void ((*volatile p)()); p = (void ((*)()))SSL_CTX_new; return !p; }
                                                        ^
1 error generated.
checked program was:
/* begin */
 1: #include "ruby.h"
 2: 
 3: /*top*/
 4: extern int t(void);
 5: int main(int argc, char **argv)
 6: {
 7:   if (argc > 1000000) {
 8:     int (* volatile tp)(void)=(int (*)(void))&t;
 9:     printf("%d", (*tp)());
10:   }
11: 
12:   return 0;
13: }
14: int t(void) { void ((*volatile p)()); p = (void ((*)()))SSL_CTX_new; return !p; }
/* end */

"/usr/bin/clang -o conftest -I/opt/local/include/ruby-2.6.0/x86_64-darwin18 -I/opt/local/include/ruby-2.6.0/ruby/backward -I/opt/local/include/ruby-2.6.0 -I. -I/opt/local/include -isysroot/Applications/Xcode.app/Contents/Developer/Platforms/MacOSX.platform/Developer/SDKs/MacOSX10.14.sdk -I/opt/local/include -D_XOPEN_SOURCE -D_DARWIN_C_SOURCE -D_DARWIN_UNLIMITED_SELECT -D_REENTRANT   -pipe -Os -isysroot/Applications/Xcode.app/Contents/Developer/Platforms/MacOSX.platform/Developer/SDKs/MacOSX10.14.sdk -fno-common conftest.c  -L. -L/opt/local/lib -L/opt/local/lib -L. -L/opt/local/lib -Wl,-headerpad_max_install_names -Wl,-syslibroot,/Applications/Xcode.app/Contents/Developer/Platforms/MacOSX.platform/Developer/SDKs/MacOSX10.14.sdk -fstack-protector-strong -L/opt/local/lib   -arch x86_64  -lcrypto  -lruby.2.6 -lssl -lcrypto   "
checked program was:
/* begin */
 1: #include "ruby.h"
 2: 
 3: /*top*/
 4: extern int t(void);
 5: int main(int argc, char **argv)
 6: {
 7:   if (argc > 1000000) {
 8:     int (* volatile tp)(void)=(int (*)(void))&t;
 9:     printf("%d", (*tp)());
10:   }
11: 
12:   return 0;
13: }
14: extern void SSL_CTX_new();
15: int t(void) { SSL_CTX_new(); return 0; }
/* end */

--------------------

have_header: checking for openssl/bio.h... -------------------- yes

"/usr/bin/clang -E -I/opt/local/include/ruby-2.6.0/x86_64-darwin18 -I/opt/local/include/ruby-2.6.0/ruby/backward -I/opt/local/include/ruby-2.6.0 -I. -I/opt/local/include -isysroot/Applications/Xcode.app/Contents/Developer/Platforms/MacOSX.platform/Developer/SDKs/MacOSX10.14.sdk -I/opt/local/include -D_XOPEN_SOURCE -D_DARWIN_C_SOURCE -D_DARWIN_UNLIMITED_SELECT -D_REENTRANT   -pipe -Os -isysroot/Applications/Xcode.app/Contents/Developer/Platforms/MacOSX.platform/Developer/SDKs/MacOSX10.14.sdk -fno-common  conftest.c -o conftest.i"
checked program was:
/* begin */
1: #include "ruby.h"
2: 
3: #include <openssl/bio.h>
/* end */

--------------------

